<?xml version="1.0" encoding="UTF-8"?>
<!-- Generated by org.testng.reporters.JUnitReportReporter -->
<testsuite hostname="WINTER" name="MakeMyTripAutomation.FlightBooking" tests="2" failures="0" timestamp="22 Jul 2017 10:40:15 GMT" time="100.774" errors="0">
  <testcase name="BookFlight_RoundTrip" time="43.907" classname="MakeMyTripAutomation.FlightBooking"/>
  <testcase name="BookFlight_OneWay" time="56.867" classname="MakeMyTripAutomation.FlightBooking"/>
</testsuite> <!-- MakeMyTripAutomation.FlightBooking -->
